<?xml version="1.0" encoding="UTF-8"?>
<!-- Generated by org.testng.reporters.JUnitReportReporter -->
<testsuite hostname="DESKTOP-0G6PE79" failures="0" tests="2" name="AutomationFramework.EdigeTestcases" time="6.824" errors="0" timestamp="2024-11-17T10:52:32 IST" skipped="0">
  <testcase classname="AutomationFramework.EdigeTestcases" name="dropDown" time="1.273"/>
  <system-out/>
  <testcase classname="AutomationFramework.EdigeTestcases" name="checkBox" time="5.551"/>
  <system-out/>
</testsuite> <!-- AutomationFramework.EdigeTestcases -->
