<?xml version="1.0" encoding="UTF-8"?>
<!-- Generated by org.testng.reporters.JUnitReportReporter -->
<testsuite hostname="DESKTOP-0G6PE79" failures="0" tests="3" name="AutomationFramework.HomePageValidation" time="5.639" errors="0" timestamp="2024-11-17T10:52:32 IST" skipped="0">
  <testcase classname="AutomationFramework.HomePageValidation" name="links" time="4.124"/>
  <system-out/>
  <testcase classname="AutomationFramework.HomePageValidation" name="newTab" time="0.121"/>
  <system-out/>
  <testcase classname="AutomationFramework.HomePageValidation" name="verifyWindowTitle" time="1.394"/>
  <system-out/>
</testsuite> <!-- AutomationFramework.HomePageValidation -->
