<?xml version="1.0" encoding="UTF-8"?>
<!-- Generated by org.testng.reporters.JUnitReportReporter -->
<testsuite hostname="DESKTOP-0G6PE79" failures="0" tests="3" name="AutomationFramework.HomePageValidation" time="4.555" errors="0" timestamp="2024-11-16T22:09:14 IST" skipped="0">
  <testcase classname="AutomationFramework.HomePageValidation" name="links" time="4.042"/>
  <testcase classname="AutomationFramework.HomePageValidation" name="newTab" time="0.145"/>
  <testcase classname="AutomationFramework.HomePageValidation" name="verifyWindowTitle" time="0.368"/>
</testsuite> <!-- AutomationFramework.HomePageValidation -->
